<?xml version="1.0" encoding="UTF-8"?>
<testsuite name="seb43_pre_030.DevHelp.DevHelpApplicationTests" tests="1" skipped="0" failures="0" errors="0" timestamp="2023-04-26T03:27:29" hostname="WIN10-01" time="0.23">
  <properties/>
  <testcase name="contextLoads()" classname="seb43_pre_030.DevHelp.DevHelpApplicationTests" time="0.23"/>
  <system-out><![CDATA[12:27:15.884 [Test worker] DEBUG org.springframework.test.context.BootstrapUtils - Instantiating CacheAwareContextLoaderDelegate from class [org.springframework.test.context.cache.DefaultCacheAwareContextLoaderDelegate]
12:27:15.912 [Test worker] DEBUG org.springframework.test.context.BootstrapUtils - Instantiating BootstrapContext using constructor [public org.springframework.test.context.support.DefaultBootstrapContext(java.lang.Class,org.springframework.test.context.CacheAwareContextLoaderDelegate)]
12:27:16.005 [Test worker] DEBUG org.springframework.test.context.BootstrapUtils - Instantiating TestContextBootstrapper for test class [seb43_pre_030.DevHelp.DevHelpApplicationTests] from class [org.springframework.boot.test.context.SpringBootTestContextBootstrapper]
12:27:16.032 [Test worker] INFO org.springframework.boot.test.context.SpringBootTestContextBootstrapper - Neither @ContextConfiguration nor @ContextHierarchy found for test class [seb43_pre_030.DevHelp.DevHelpApplicationTests], using SpringBootContextLoader
12:27:16.041 [Test worker] DEBUG org.springframework.test.context.support.AbstractContextLoader - Did not detect default resource location for test class [seb43_pre_030.DevHelp.DevHelpApplicationTests]: class path resource [seb43_pre_030/DevHelp/DevHelpApplicationTests-context.xml] does not exist
12:27:16.042 [Test worker] DEBUG org.springframework.test.context.support.AbstractContextLoader - Did not detect default resource location for test class [seb43_pre_030.DevHelp.DevHelpApplicationTests]: class path resource [seb43_pre_030/DevHelp/DevHelpApplicationTestsContext.groovy] does not exist
12:27:16.042 [Test worker] INFO org.springframework.test.context.support.AbstractContextLoader - Could not detect default resource locations for test class [seb43_pre_030.DevHelp.DevHelpApplicationTests]: no resource found for suffixes {-context.xml, Context.groovy}.
12:27:16.044 [Test worker] INFO org.springframework.test.context.support.AnnotationConfigContextLoaderUtils - Could not detect default configuration classes for test class [seb43_pre_030.DevHelp.DevHelpApplicationTests]: DevHelpApplicationTests does not declare any static, non-private, non-final, nested classes annotated with @Configuration.
12:27:16.142 [Test worker] DEBUG org.springframework.test.context.support.ActiveProfilesUtils - Could not find an 'annotation declaring class' for annotation type [org.springframework.test.context.ActiveProfiles] and class [seb43_pre_030.DevHelp.DevHelpApplicationTests]
12:27:16.286 [Test worker] DEBUG org.springframework.context.annotation.ClassPathScanningCandidateComponentProvider - Identified candidate component class: file [C:\Users\UserK\Desktop\BE43\Projects\preproject\seb43_pre_030\build\classes\java\main\seb43_pre_030\DevHelp\DevHelpApplication.class]
12:27:16.288 [Test worker] INFO org.springframework.boot.test.context.SpringBootTestContextBootstrapper - Found @SpringBootConfiguration seb43_pre_030.DevHelp.DevHelpApplication for test class seb43_pre_030.DevHelp.DevHelpApplicationTests
12:27:16.587 [Test worker] DEBUG org.springframework.boot.test.context.SpringBootTestContextBootstrapper - @TestExecutionListeners is not present for class [seb43_pre_030.DevHelp.DevHelpApplicationTests]: using defaults.
12:27:16.588 [Test worker] INFO org.springframework.boot.test.context.SpringBootTestContextBootstrapper - Loaded default TestExecutionListener class names from location [META-INF/spring.factories]: [org.springframework.security.test.context.support.WithSecurityContextTestExecutionListener, org.springframework.security.test.context.support.ReactorContextTestExecutionListener, org.springframework.boot.test.autoconfigure.restdocs.RestDocsTestExecutionListener, org.springframework.boot.test.autoconfigure.web.client.MockRestServiceServerResetTestExecutionListener, org.springframework.boot.test.autoconfigure.web.servlet.MockMvcPrintOnlyOnFailureTestExecutionListener, org.springframework.boot.test.autoconfigure.web.servlet.WebDriverTestExecutionListener, org.springframework.boot.test.autoconfigure.webservices.client.MockWebServiceServerTestExecutionListener, org.springframework.boot.test.mock.mockito.MockitoTestExecutionListener, org.springframework.boot.test.mock.mockito.ResetMocksTestExecutionListener, org.springframework.test.context.web.ServletTestExecutionListener, org.springframework.test.context.support.DirtiesContextBeforeModesTestExecutionListener, org.springframework.test.context.event.ApplicationEventsTestExecutionListener, org.springframework.test.context.support.DependencyInjectionTestExecutionListener, org.springframework.test.context.support.DirtiesContextTestExecutionListener, org.springframework.test.context.transaction.TransactionalTestExecutionListener, org.springframework.test.context.jdbc.SqlScriptsTestExecutionListener, org.springframework.test.context.event.EventPublishingTestExecutionListener]
12:27:16.626 [Test worker] INFO org.springframework.boot.test.context.SpringBootTestContextBootstrapper - Using TestExecutionListeners: [org.springframework.test.context.web.ServletTestExecutionListener@4c7a078, org.springframework.test.context.support.DirtiesContextBeforeModesTestExecutionListener@4e406694, org.springframework.test.context.event.ApplicationEventsTestExecutionListener@5ab9b447, org.springframework.boot.test.mock.mockito.MockitoTestExecutionListener@76f10035, org.springframework.boot.test.autoconfigure.SpringBootDependencyInjectionTestExecutionListener@4f8caaf3, org.springframework.test.context.support.DirtiesContextTestExecutionListener@2b50150, org.springframework.test.context.transaction.TransactionalTestExecutionListener@15b986cd, org.springframework.test.context.jdbc.SqlScriptsTestExecutionListener@6bb7cce7, org.springframework.security.test.context.support.WithSecurityContextTestExecutionListener@41c62850, org.springframework.test.context.event.EventPublishingTestExecutionListener@6b530eb9, org.springframework.security.test.context.support.ReactorContextTestExecutionListener@328572f0, org.springframework.boot.test.autoconfigure.restdocs.RestDocsTestExecutionListener@678040b3, org.springframework.boot.test.autoconfigure.web.client.MockRestServiceServerResetTestExecutionListener@17f460bb, org.springframework.boot.test.autoconfigure.web.servlet.MockMvcPrintOnlyOnFailureTestExecutionListener@64a1923a, org.springframework.boot.test.autoconfigure.web.servlet.WebDriverTestExecutionListener@7d2a6eac, org.springframework.boot.test.autoconfigure.webservices.client.MockWebServiceServerTestExecutionListener@18ca3c62, org.springframework.boot.test.mock.mockito.ResetMocksTestExecutionListener@2c0f7678]
12:27:16.634 [Test worker] DEBUG org.springframework.test.context.support.AbstractDirtiesContextTestExecutionListener - Before test class: context [DefaultTestContext@1b1637e1 testClass = DevHelpApplicationTests, testInstance = [null], testMethod = [null], testException = [null], mergedContextConfiguration = [WebMergedContextConfiguration@18151a14 testClass = DevHelpApplicationTests, locations = '{}', classes = '{class seb43_pre_030.DevHelp.DevHelpApplication}', contextInitializerClasses = '[]', activeProfiles = '{}', propertySourceLocations = '{}', propertySourceProperties = '{org.springframework.boot.test.context.SpringBootTestContextBootstrapper=true}', contextCustomizers = set[org.springframework.boot.test.autoconfigure.actuate.metrics.MetricsExportContextCustomizerFactory$DisableMetricExportContextCustomizer@16ecee1, org.springframework.boot.test.autoconfigure.properties.PropertyMappingContextCustomizer@0, org.springframework.boot.test.autoconfigure.web.servlet.WebDriverContextCustomizerFactory$Customizer@4721d212, org.springframework.boot.test.context.filter.ExcludeFilterContextCustomizer@62dae540, org.springframework.boot.test.json.DuplicateJsonObjectContextCustomizerFactory$DuplicateJsonObjectContextCustomizer@636e8cc, org.springframework.boot.test.mock.mockito.MockitoContextCustomizer@0, org.springframework.boot.test.web.client.TestRestTemplateContextCustomizer@78a287ed, org.springframework.boot.test.context.SpringBootTestArgs@1, org.springframework.boot.test.context.SpringBootTestWebEnvironment@51c693d], resourceBasePath = 'src/main/webapp', contextLoader = 'org.springframework.boot.test.context.SpringBootContextLoader', parent = [null]], attributes = map['org.springframework.test.context.web.ServletTestExecutionListener.activateListener' -> true]], class annotated with @DirtiesContext [false] with mode [null].

  .   ____          _            __ _ _
 /\\ / ___'_ __ _ _(_)_ __  __ _ \ \ \ \
( ( )\___ | '_ | '_| | '_ \/ _` | \ \ \ \
 \\/  ___)| |_)| | | | | || (_| |  ) ) ) )
  '  |____| .__|_| |_|_| |_\__, | / / / /
 =========|_|==============|___/=/_/_/_/
 :: Spring Boot ::                (v2.7.8)

2023-04-26 12:27:17.492  INFO 10312 --- [    Test worker] s.DevHelp.DevHelpApplicationTests        : Starting DevHelpApplicationTests using Java 11.0.17 on Win10-01 with PID 10312 (started by UserK in C:\Users\UserK\Desktop\BE43\Projects\preproject\seb43_pre_030)
2023-04-26 12:27:17.495  INFO 10312 --- [    Test worker] s.DevHelp.DevHelpApplicationTests        : The following 2 profiles are active: "common", "local"
2023-04-26 12:27:19.609  INFO 10312 --- [    Test worker] .s.d.r.c.RepositoryConfigurationDelegate : Bootstrapping Spring Data JPA repositories in DEFAULT mode.
2023-04-26 12:27:19.943  INFO 10312 --- [    Test worker] .s.d.r.c.RepositoryConfigurationDelegate : Finished Spring Data repository scanning in 317 ms. Found 7 JPA repository interfaces.
2023-04-26 12:27:20.422  INFO 10312 --- [    Test worker] o.s.cloud.context.scope.GenericScope     : BeanFactory id=fcf1878b-a5b0-3d8c-92f5-870219213dae
2023-04-26 12:27:21.296  INFO 10312 --- [    Test worker] o.hibernate.jpa.internal.util.LogHelper  : HHH000204: Processing PersistenceUnitInfo [name: default]
2023-04-26 12:27:21.423  INFO 10312 --- [    Test worker] org.hibernate.Version                    : HHH000412: Hibernate ORM core version 5.6.14.Final
2023-04-26 12:27:21.828  INFO 10312 --- [    Test worker] o.hibernate.annotations.common.Version   : HCANN000001: Hibernate Commons Annotations {5.1.2.Final}
2023-04-26 12:27:22.080  INFO 10312 --- [    Test worker] com.zaxxer.hikari.HikariDataSource       : HikariPool-1 - Starting...
2023-04-26 12:27:22.720  INFO 10312 --- [    Test worker] com.zaxxer.hikari.HikariDataSource       : HikariPool-1 - Start completed.
2023-04-26 12:27:22.772  INFO 10312 --- [    Test worker] org.hibernate.dialect.Dialect            : HHH000400: Using dialect: org.hibernate.dialect.H2Dialect
2023-04-26 12:27:24.528 DEBUG 10312 --- [    Test worker] org.hibernate.SQL                        : 
    
    ?[34mdrop?[0m ?[34mtable?[0m ?[34mif?[0m ?[34mexists?[0m answer ?[34mCASCADE?[0m 
?[35m[Hibernate]?[0m 
    
    ?[34mdrop?[0m ?[34mtable?[0m ?[34mif?[0m ?[34mexists?[0m answer ?[34mCASCADE?[0m 
2023-04-26 12:27:24.535 DEBUG 10312 --- [    Test worker] org.hibernate.SQL                        : 
    
    ?[34mdrop?[0m ?[34mtable?[0m ?[34mif?[0m ?[34mexists?[0m comments ?[34mCASCADE?[0m 
?[35m[Hibernate]?[0m 
    
    ?[34mdrop?[0m ?[34mtable?[0m ?[34mif?[0m ?[34mexists?[0m comments ?[34mCASCADE?[0m 
2023-04-26 12:27:24.536 DEBUG 10312 --- [    Test worker] org.hibernate.SQL                        : 
    
    ?[34mdrop?[0m ?[34mtable?[0m ?[34mif?[0m ?[34mexists?[0m confirmation_token ?[34mCASCADE?[0m 
?[35m[Hibernate]?[0m 
    
    ?[34mdrop?[0m ?[34mtable?[0m ?[34mif?[0m ?[34mexists?[0m confirmation_token ?[34mCASCADE?[0m 
2023-04-26 12:27:24.537 DEBUG 10312 --- [    Test worker] org.hibernate.SQL                        : 
    
    ?[34mdrop?[0m ?[34mtable?[0m ?[34mif?[0m ?[34mexists?[0m question ?[34mCASCADE?[0m 
?[35m[Hibernate]?[0m 
    
    ?[34mdrop?[0m ?[34mtable?[0m ?[34mif?[0m ?[34mexists?[0m question ?[34mCASCADE?[0m 
2023-04-26 12:27:24.538 DEBUG 10312 --- [    Test worker] org.hibernate.SQL                        : 
    
    ?[34mdrop?[0m ?[34mtable?[0m ?[34mif?[0m ?[34mexists?[0m question_tag ?[34mCASCADE?[0m 
?[35m[Hibernate]?[0m 
    
    ?[34mdrop?[0m ?[34mtable?[0m ?[34mif?[0m ?[34mexists?[0m question_tag ?[34mCASCADE?[0m 
2023-04-26 12:27:24.538 DEBUG 10312 --- [    Test worker] org.hibernate.SQL                        : 
    
    ?[34mdrop?[0m ?[34mtable?[0m ?[34mif?[0m ?[34mexists?[0m reputations ?[34mCASCADE?[0m 
?[35m[Hibernate]?[0m 
    
    ?[34mdrop?[0m ?[34mtable?[0m ?[34mif?[0m ?[34mexists?[0m reputations ?[34mCASCADE?[0m 
2023-04-26 12:27:24.538 DEBUG 10312 --- [    Test worker] org.hibernate.SQL                        : 
    
    ?[34mdrop?[0m ?[34mtable?[0m ?[34mif?[0m ?[34mexists?[0m tag ?[34mCASCADE?[0m 
?[35m[Hibernate]?[0m 
    
    ?[34mdrop?[0m ?[34mtable?[0m ?[34mif?[0m ?[34mexists?[0m tag ?[34mCASCADE?[0m 
2023-04-26 12:27:24.539 DEBUG 10312 --- [    Test worker] org.hibernate.SQL                        : 
    
    ?[34mdrop?[0m ?[34mtable?[0m ?[34mif?[0m ?[34mexists?[0m user_roles ?[34mCASCADE?[0m 
?[35m[Hibernate]?[0m 
    
    ?[34mdrop?[0m ?[34mtable?[0m ?[34mif?[0m ?[34mexists?[0m user_roles ?[34mCASCADE?[0m 
2023-04-26 12:27:24.540 DEBUG 10312 --- [    Test worker] org.hibernate.SQL                        : 
    
    ?[34mdrop?[0m ?[34mtable?[0m ?[34mif?[0m ?[34mexists?[0m users ?[34mCASCADE?[0m 
?[35m[Hibernate]?[0m 
    
    ?[34mdrop?[0m ?[34mtable?[0m ?[34mif?[0m ?[34mexists?[0m users ?[34mCASCADE?[0m 
2023-04-26 12:27:24.545 DEBUG 10312 --- [    Test worker] org.hibernate.SQL                        : 
    
    ?[34mcreate?[0m ?[34mtable?[0m answer (
       answer_id ?[34mbigint?[0m generated ?[34mby?[0m ?[34mdefault?[0m ?[34mas?[0m ?[34midentity?[0m,
        body TEXT,
        created_at ?[34mtimestamp?[0m,
        updated_at ?[34mtimestamp?[0m,
        question_id ?[34mbigint?[0m,
        user_id ?[34mbigint?[0m,
        ?[34mprimary?[0m ?[34mkey?[0m (answer_id)
    )
?[35m[Hibernate]?[0m 
    
    ?[34mcreate?[0m ?[34mtable?[0m answer (
       answer_id ?[34mbigint?[0m generated ?[34mby?[0m ?[34mdefault?[0m ?[34mas?[0m ?[34midentity?[0m,
        body TEXT,
        created_at ?[34mtimestamp?[0m,
        updated_at ?[34mtimestamp?[0m,
        question_id ?[34mbigint?[0m,
        user_id ?[34mbigint?[0m,
        ?[34mprimary?[0m ?[34mkey?[0m (answer_id)
    )
2023-04-26 12:27:24.562 DEBUG 10312 --- [    Test worker] org.hibernate.SQL                        : 
    
    ?[34mcreate?[0m ?[34mtable?[0m comments (
       comment_id ?[34mbigint?[0m generated ?[34mby?[0m ?[34mdefault?[0m ?[34mas?[0m ?[34midentity?[0m,
        body ?[34mvarchar?[0m(100),
        created_at ?[34mtimestamp?[0m,
        updated_at ?[34mtimestamp?[0m,
        question_id ?[34mbigint?[0m,
        user_id ?[34mbigint?[0m,
        ?[34mprimary?[0m ?[34mkey?[0m (comment_id)
    )
?[35m[Hibernate]?[0m 
    
    ?[34mcreate?[0m ?[34mtable?[0m comments (
       comment_id ?[34mbigint?[0m generated ?[34mby?[0m ?[34mdefault?[0m ?[34mas?[0m ?[34midentity?[0m,
        body ?[34mvarchar?[0m(100),
        created_at ?[34mtimestamp?[0m,
        updated_at ?[34mtimestamp?[0m,
        question_id ?[34mbigint?[0m,
        user_id ?[34mbigint?[0m,
        ?[34mprimary?[0m ?[34mkey?[0m (comment_id)
    )
2023-04-26 12:27:24.566 DEBUG 10312 --- [    Test worker] org.hibernate.SQL                        : 
    
    ?[34mcreate?[0m ?[34mtable?[0m confirmation_token (
       id ?[34mvarchar?[0m(36) ?[34mnot?[0m ?[34mnull?[0m,
        expired boolean,
        user_id ?[34mbigint?[0m,
        ?[34mprimary?[0m ?[34mkey?[0m (id)
    )
?[35m[Hibernate]?[0m 
    
    ?[34mcreate?[0m ?[34mtable?[0m confirmation_token (
       id ?[34mvarchar?[0m(36) ?[34mnot?[0m ?[34mnull?[0m,
        expired boolean,
        user_id ?[34mbigint?[0m,
        ?[34mprimary?[0m ?[34mkey?[0m (id)
    )
2023-04-26 12:27:24.570 DEBUG 10312 --- [    Test worker] org.hibernate.SQL                        : 
    
    ?[34mcreate?[0m ?[34mtable?[0m question (
       question_id ?[34mbigint?[0m generated ?[34mby?[0m ?[34mdefault?[0m ?[34mas?[0m ?[34midentity?[0m,
        created_date ?[34mtimestamp?[0m,
        modified_date ?[34mtimestamp?[0m,
        answer_count ?[34minteger?[0m ?[34mdefault?[0m 0,
        body ?[34mvarchar?[0m(1000000) ?[34mnot?[0m ?[34mnull?[0m,
        title ?[34mvarchar?[0m(255) ?[34mnot?[0m ?[34mnull?[0m,
        view_count ?[34minteger?[0m ?[34mdefault?[0m 0,
        user_id ?[34mbigint?[0m,
        ?[34mprimary?[0m ?[34mkey?[0m (question_id)
    )
?[35m[Hibernate]?[0m 
    
    ?[34mcreate?[0m ?[34mtable?[0m question (
       question_id ?[34mbigint?[0m generated ?[34mby?[0m ?[34mdefault?[0m ?[34mas?[0m ?[34midentity?[0m,
        created_date ?[34mtimestamp?[0m,
        modified_date ?[34mtimestamp?[0m,
        answer_count ?[34minteger?[0m ?[34mdefault?[0m 0,
        body ?[34mvarchar?[0m(1000000) ?[34mnot?[0m ?[34mnull?[0m,
        title ?[34mvarchar?[0m(255) ?[34mnot?[0m ?[34mnull?[0m,
        view_count ?[34minteger?[0m ?[34mdefault?[0m 0,
        user_id ?[34mbigint?[0m,
        ?[34mprimary?[0m ?[34mkey?[0m (question_id)
    )
2023-04-26 12:27:24.573 DEBUG 10312 --- [    Test worker] org.hibernate.SQL                        : 
    
    ?[34mcreate?[0m ?[34mtable?[0m question_tag (
       question_tag_id ?[34mbigint?[0m generated ?[34mby?[0m ?[34mdefault?[0m ?[34mas?[0m ?[34midentity?[0m,
        question_id ?[34mbigint?[0m,
        tag_id ?[34mbigint?[0m,
        ?[34mprimary?[0m ?[34mkey?[0m (question_tag_id)
    )
?[35m[Hibernate]?[0m 
    
    ?[34mcreate?[0m ?[34mtable?[0m question_tag (
       question_tag_id ?[34mbigint?[0m generated ?[34mby?[0m ?[34mdefault?[0m ?[34mas?[0m ?[34midentity?[0m,
        question_id ?[34mbigint?[0m,
        tag_id ?[34mbigint?[0m,
        ?[34mprimary?[0m ?[34mkey?[0m (question_tag_id)
    )
2023-04-26 12:27:24.576 DEBUG 10312 --- [    Test worker] org.hibernate.SQL                        : 
    
    ?[34mcreate?[0m ?[34mtable?[0m reputations (
       reputation_id ?[34mbigint?[0m generated ?[34mby?[0m ?[34mdefault?[0m ?[34mas?[0m ?[34midentity?[0m,
        created_date ?[34mtimestamp?[0m,
        modified_date ?[34mtimestamp?[0m,
        amount ?[34minteger?[0m ?[34mnot?[0m ?[34mnull?[0m,
        ?[34mprimary?[0m ?[34mkey?[0m (reputation_id)
    )
?[35m[Hibernate]?[0m 
    
    ?[34mcreate?[0m ?[34mtable?[0m reputations (
       reputation_id ?[34mbigint?[0m generated ?[34mby?[0m ?[34mdefault?[0m ?[34mas?[0m ?[34midentity?[0m,
        created_date ?[34mtimestamp?[0m,
        modified_date ?[34mtimestamp?[0m,
        amount ?[34minteger?[0m ?[34mnot?[0m ?[34mnull?[0m,
        ?[34mprimary?[0m ?[34mkey?[0m (reputation_id)
    )
2023-04-26 12:27:24.580 DEBUG 10312 --- [    Test worker] org.hibernate.SQL                        : 
    
    ?[34mcreate?[0m ?[34mtable?[0m tag (
       tag_id ?[34mbigint?[0m generated ?[34mby?[0m ?[34mdefault?[0m ?[34mas?[0m ?[34midentity?[0m,
        tag_name ?[34mvarchar?[0m(255) ?[34mnot?[0m ?[34mnull?[0m,
        ?[34mprimary?[0m ?[34mkey?[0m (tag_id)
    )
?[35m[Hibernate]?[0m 
    
    ?[34mcreate?[0m ?[34mtable?[0m tag (
       tag_id ?[34mbigint?[0m generated ?[34mby?[0m ?[34mdefault?[0m ?[34mas?[0m ?[34midentity?[0m,
        tag_name ?[34mvarchar?[0m(255) ?[34mnot?[0m ?[34mnull?[0m,
        ?[34mprimary?[0m ?[34mkey?[0m (tag_id)
    )
2023-04-26 12:27:24.582 DEBUG 10312 --- [    Test worker] org.hibernate.SQL                        : 
    
    ?[34mcreate?[0m ?[34mtable?[0m user_roles (
       user_user_id ?[34mbigint?[0m ?[34mnot?[0m ?[34mnull?[0m,
        roles ?[34mvarchar?[0m(255)
    )
?[35m[Hibernate]?[0m 
    
    ?[34mcreate?[0m ?[34mtable?[0m user_roles (
       user_user_id ?[34mbigint?[0m ?[34mnot?[0m ?[34mnull?[0m,
        roles ?[34mvarchar?[0m(255)
    )
2023-04-26 12:27:24.584 DEBUG 10312 --- [    Test worker] org.hibernate.SQL                        : 
    
    ?[34mcreate?[0m ?[34mtable?[0m users (
       user_id ?[34mbigint?[0m generated ?[34mby?[0m ?[34mdefault?[0m ?[34mas?[0m ?[34midentity?[0m,
        created_date ?[34mtimestamp?[0m,
        modified_date ?[34mtimestamp?[0m,
        display_name ?[34mvarchar?[0m(255),
        email ?[34mvarchar?[0m(255) ?[34mnot?[0m ?[34mnull?[0m,
        email_verified boolean,
        password ?[34mvarchar?[0m(255) ?[34mnot?[0m ?[34mnull?[0m,
        profile_image ?[34mvarchar?[0m(255) ?[34mnot?[0m ?[34mnull?[0m,
        reputation_id ?[34mbigint?[0m,
        ?[34mprimary?[0m ?[34mkey?[0m (user_id)
    )
?[35m[Hibernate]?[0m 
    
    ?[34mcreate?[0m ?[34mtable?[0m users (
       user_id ?[34mbigint?[0m generated ?[34mby?[0m ?[34mdefault?[0m ?[34mas?[0m ?[34midentity?[0m,
        created_date ?[34mtimestamp?[0m,
        modified_date ?[34mtimestamp?[0m,
        display_name ?[34mvarchar?[0m(255),
        email ?[34mvarchar?[0m(255) ?[34mnot?[0m ?[34mnull?[0m,
        email_verified boolean,
        password ?[34mvarchar?[0m(255) ?[34mnot?[0m ?[34mnull?[0m,
        profile_image ?[34mvarchar?[0m(255) ?[34mnot?[0m ?[34mnull?[0m,
        reputation_id ?[34mbigint?[0m,
        ?[34mprimary?[0m ?[34mkey?[0m (user_id)
    )
2023-04-26 12:27:24.587 DEBUG 10312 --- [    Test worker] org.hibernate.SQL                        : 
    
    ?[34malter?[0m ?[34mtable?[0m tag 
       ?[34madd?[0m ?[34mconstraint?[0m UK_1r1tyf6uga9k6jwdqnoqwtk2a ?[34munique?[0m (tag_name)
?[35m[Hibernate]?[0m 
    
    ?[34malter?[0m ?[34mtable?[0m tag 
       ?[34madd?[0m ?[34mconstraint?[0m UK_1r1tyf6uga9k6jwdqnoqwtk2a ?[34munique?[0m (tag_name)
2023-04-26 12:27:24.588 DEBUG 10312 --- [    Test worker] org.hibernate.SQL                        : 
    
    ?[34malter?[0m ?[34mtable?[0m users 
       ?[34madd?[0m ?[34mconstraint?[0m UK_6dotkott2kjsp8vw4d0m25fb7 ?[34munique?[0m (email)
?[35m[Hibernate]?[0m 
    
    ?[34malter?[0m ?[34mtable?[0m users 
       ?[34madd?[0m ?[34mconstraint?[0m UK_6dotkott2kjsp8vw4d0m25fb7 ?[34munique?[0m (email)
2023-04-26 12:27:24.589 DEBUG 10312 --- [    Test worker] org.hibernate.SQL                        : 
    
    ?[34malter?[0m ?[34mtable?[0m answer 
       ?[34madd?[0m ?[34mconstraint?[0m FK8frr4bcabmmeyyu60qt7iiblo 
       ?[34mforeign?[0m ?[34mkey?[0m (question_id) 
       ?[34mreferences?[0m question
?[35m[Hibernate]?[0m 
    
    ?[34malter?[0m ?[34mtable?[0m answer 
       ?[34madd?[0m ?[34mconstraint?[0m FK8frr4bcabmmeyyu60qt7iiblo 
       ?[34mforeign?[0m ?[34mkey?[0m (question_id) 
       ?[34mreferences?[0m question
2023-04-26 12:27:24.614 DEBUG 10312 --- [    Test worker] org.hibernate.SQL                        : 
    
    ?[34malter?[0m ?[34mtable?[0m answer 
       ?[34madd?[0m ?[34mconstraint?[0m FKsdj8jab9t00diflkysw22k7bv 
       ?[34mforeign?[0m ?[34mkey?[0m (user_id) 
       ?[34mreferences?[0m users
?[35m[Hibernate]?[0m 
    
    ?[34malter?[0m ?[34mtable?[0m answer 
       ?[34madd?[0m ?[34mconstraint?[0m FKsdj8jab9t00diflkysw22k7bv 
       ?[34mforeign?[0m ?[34mkey?[0m (user_id) 
       ?[34mreferences?[0m users
2023-04-26 12:27:24.616 DEBUG 10312 --- [    Test worker] org.hibernate.SQL                        : 
    
    ?[34malter?[0m ?[34mtable?[0m comments 
       ?[34madd?[0m ?[34mconstraint?[0m FKie0pclck38bvncdr6tw15ff48 
       ?[34mforeign?[0m ?[34mkey?[0m (question_id) 
       ?[34mreferences?[0m question
?[35m[Hibernate]?[0m 
    
    ?[34malter?[0m ?[34mtable?[0m comments 
       ?[34madd?[0m ?[34mconstraint?[0m FKie0pclck38bvncdr6tw15ff48 
       ?[34mforeign?[0m ?[34mkey?[0m (question_id) 
       ?[34mreferences?[0m question
2023-04-26 12:27:24.621 DEBUG 10312 --- [    Test worker] org.hibernate.SQL                        : 
    
    ?[34malter?[0m ?[34mtable?[0m comments 
       ?[34madd?[0m ?[34mconstraint?[0m FK8omq0tc18jd43bu5tjh6jvraq 
       ?[34mforeign?[0m ?[34mkey?[0m (user_id) 
       ?[34mreferences?[0m users
?[35m[Hibernate]?[0m 
    
    ?[34malter?[0m ?[34mtable?[0m comments 
       ?[34madd?[0m ?[34mconstraint?[0m FK8omq0tc18jd43bu5tjh6jvraq 
       ?[34mforeign?[0m ?[34mkey?[0m (user_id) 
       ?[34mreferences?[0m users
2023-04-26 12:27:24.624 DEBUG 10312 --- [    Test worker] org.hibernate.SQL                        : 
    
    ?[34malter?[0m ?[34mtable?[0m question 
       ?[34madd?[0m ?[34mconstraint?[0m FK7rnpup7eaonh2ubt922ormoij 
       ?[34mforeign?[0m ?[34mkey?[0m (user_id) 
       ?[34mreferences?[0m users
?[35m[Hibernate]?[0m 
    
    ?[34malter?[0m ?[34mtable?[0m question 
       ?[34madd?[0m ?[34mconstraint?[0m FK7rnpup7eaonh2ubt922ormoij 
       ?[34mforeign?[0m ?[34mkey?[0m (user_id) 
       ?[34mreferences?[0m users
2023-04-26 12:27:24.628 DEBUG 10312 --- [    Test worker] org.hibernate.SQL                        : 
    
    ?[34malter?[0m ?[34mtable?[0m question_tag 
       ?[34madd?[0m ?[34mconstraint?[0m FK44ydihbi2qk8k96175quf5q63 
       ?[34mforeign?[0m ?[34mkey?[0m (question_id) 
       ?[34mreferences?[0m question
?[35m[Hibernate]?[0m 
    
    ?[34malter?[0m ?[34mtable?[0m question_tag 
       ?[34madd?[0m ?[34mconstraint?[0m FK44ydihbi2qk8k96175quf5q63 
       ?[34mforeign?[0m ?[34mkey?[0m (question_id) 
       ?[34mreferences?[0m question
2023-04-26 12:27:24.630 DEBUG 10312 --- [    Test worker] org.hibernate.SQL                        : 
    
    ?[34malter?[0m ?[34mtable?[0m question_tag 
       ?[34madd?[0m ?[34mconstraint?[0m FKnacet7y1n8llxvrbmm3xdq13j 
       ?[34mforeign?[0m ?[34mkey?[0m (tag_id) 
       ?[34mreferences?[0m tag
?[35m[Hibernate]?[0m 
    
    ?[34malter?[0m ?[34mtable?[0m question_tag 
       ?[34madd?[0m ?[34mconstraint?[0m FKnacet7y1n8llxvrbmm3xdq13j 
       ?[34mforeign?[0m ?[34mkey?[0m (tag_id) 
       ?[34mreferences?[0m tag
2023-04-26 12:27:24.633 DEBUG 10312 --- [    Test worker] org.hibernate.SQL                        : 
    
    ?[34malter?[0m ?[34mtable?[0m user_roles 
       ?[34madd?[0m ?[34mconstraint?[0m FK5gikiw021w6y16a8t5vjwqwyj 
       ?[34mforeign?[0m ?[34mkey?[0m (user_user_id) 
       ?[34mreferences?[0m users
?[35m[Hibernate]?[0m 
    
    ?[34malter?[0m ?[34mtable?[0m user_roles 
       ?[34madd?[0m ?[34mconstraint?[0m FK5gikiw021w6y16a8t5vjwqwyj 
       ?[34mforeign?[0m ?[34mkey?[0m (user_user_id) 
       ?[34mreferences?[0m users
2023-04-26 12:27:24.637 DEBUG 10312 --- [    Test worker] org.hibernate.SQL                        : 
    
    ?[34malter?[0m ?[34mtable?[0m users 
       ?[34madd?[0m ?[34mconstraint?[0m FKtds9b7mbsf4ji0vncbhjl6oqj 
       ?[34mforeign?[0m ?[34mkey?[0m (reputation_id) 
       ?[34mreferences?[0m reputations
?[35m[Hibernate]?[0m 
    
    ?[34malter?[0m ?[34mtable?[0m users 
       ?[34madd?[0m ?[34mconstraint?[0m FKtds9b7mbsf4ji0vncbhjl6oqj 
       ?[34mforeign?[0m ?[34mkey?[0m (reputation_id) 
       ?[34mreferences?[0m reputations
2023-04-26 12:27:24.649  INFO 10312 --- [    Test worker] o.h.e.t.j.p.i.JtaPlatformInitiator       : HHH000490: Using JtaPlatform implementation: [org.hibernate.engine.transaction.jta.platform.internal.NoJtaPlatform]
2023-04-26 12:27:24.668  INFO 10312 --- [    Test worker] j.LocalContainerEntityManagerFactoryBean : Initialized JPA EntityManagerFactory for persistence unit 'default'
2023-04-26 12:27:25.316  WARN 10312 --- [    Test worker] JpaBaseConfiguration$JpaWebConfiguration : spring.jpa.open-in-view is enabled by default. Therefore, database queries may be performed during view rendering. Explicitly configure spring.jpa.open-in-view to disable this warning
2023-04-26 12:27:27.580  INFO 10312 --- [    Test worker] o.s.b.a.h2.H2ConsoleAutoConfiguration    : H2 console available at '/h2'. Database available at 'jdbc:h2:mem:testdb'
2023-04-26 12:27:28.036  WARN 10312 --- [    Test worker] ion$DefaultTemplateResolverConfiguration : Cannot find template location: classpath:/templates/ (please add some templates, check your Thymeleaf configuration, or set spring.thymeleaf.check-template-location=false)
2023-04-26 12:27:29.522  INFO 10312 --- [    Test worker] o.s.s.web.DefaultSecurityFilterChain     : Will secure any request with [org.springframework.security.web.session.DisableEncodeUrlFilter@1dc37d4f, org.springframework.security.web.context.request.async.WebAsyncManagerIntegrationFilter@4f290f46, org.springframework.security.web.context.SecurityContextPersistenceFilter@7f1581bb, org.springframework.security.web.header.HeaderWriterFilter@51f91d19, org.springframework.security.web.csrf.CsrfFilter@7d0bbc49, org.springframework.security.web.authentication.logout.LogoutFilter@616b2b2, org.springframework.security.oauth2.client.web.OAuth2AuthorizationRequestRedirectFilter@4086e003, org.springframework.security.oauth2.client.web.OAuth2AuthorizationRequestRedirectFilter@620ba2b0, org.springframework.security.oauth2.client.web.OAuth2LoginAuthenticationFilter@6ec5c4e2, org.springframework.security.web.authentication.ui.DefaultLoginPageGeneratingFilter@6f0ab520, org.springframework.security.web.authentication.ui.DefaultLogoutPageGeneratingFilter@2bfe398b, org.springframework.security.web.savedrequest.RequestCacheAwareFilter@367a245e, org.springframework.security.web.servletapi.SecurityContextHolderAwareRequestFilter@65b17373, org.springframework.security.web.authentication.AnonymousAuthenticationFilter@4a23be9, org.springframework.security.oauth2.client.web.OAuth2AuthorizationCodeGrantFilter@71d2bc34, org.springframework.security.web.session.SessionManagementFilter@70882cb7, org.springframework.security.web.access.ExceptionTranslationFilter@70ca533a, org.springframework.security.web.access.intercept.FilterSecurityInterceptor@70c3483b]
2023-04-26 12:27:29.781  INFO 10312 --- [    Test worker] s.DevHelp.DevHelpApplicationTests        : Started DevHelpApplicationTests in 13.07 seconds (JVM running for 16.391)
]]></system-out>
  <system-err><![CDATA[]]></system-err>
</testsuite>
